Thu, 23 Jul 2020 15:11:41 GMT | INFO | app.log | Request received at "/hyips" | 
Thu, 23 Jul 2020 15:11:54 GMT | INFO | app.log | Request received at "/hyips" | 
Thu, 23 Jul 2020 15:12:01 GMT | INFO | app.log | Request received at "/hyips" | 
Thu, 23 Jul 2020 15:13:00 GMT | INFO | app.log | Request received at "/hyips" | 
Thu, 23 Jul 2020 15:13:21 GMT | INFO | app.log | Request received at "/hyips" | 
Thu, 23 Jul 2020 15:15:05 GMT | INFO | app.log | Request received at "/hyips" | 
Thu, 23 Jul 2020 15:15:30 GMT | INFO | app.log | Request received at "/hyips" | 
Thu, 23 Jul 2020 15:15:38 GMT | INFO | app.log | Request received at "/hyips" | 
Thu, 23 Jul 2020 15:16:33 GMT | INFO | app.log | Request received at "/hyips" | 
Thu, 23 Jul 2020 15:17:03 GMT | INFO | app.log | Request received at "/hyips" | 
Thu, 23 Jul 2020 15:17:18 GMT | INFO | app.log | Request received at "/hyips" | 
Thu, 23 Jul 2020 15:17:45 GMT | INFO | app.log | Request received at "/hyips" | 
Thu, 23 Jul 2020 15:17:57 GMT | INFO | app.log | Request received at "/hyips" | 
Thu, 23 Jul 2020 15:18:25 GMT | INFO | app.log | Request received at "/hyips" | 
Thu, 23 Jul 2020 15:18:32 GMT | INFO | app.log | Request received at "/hyips" | 
Thu, 23 Jul 2020 15:18:36 GMT | INFO | app.log | Request received at "/hyips" | 
Thu, 23 Jul 2020 15:19:53 GMT | INFO | app.log | Request received at "/hyips" | 
Thu, 23 Jul 2020 15:20:04 GMT | INFO | app.log | Request received at "/hyips" | 
Thu, 23 Jul 2020 15:20:17 GMT | INFO | app.log | Request received at "/hyips" | 
Thu, 23 Jul 2020 15:20:31 GMT | INFO | app.log | Request received at "/hyips" | 
Thu, 23 Jul 2020 15:20:33 GMT | INFO | app.log | Request received at "/hyips" | 
Thu, 23 Jul 2020 15:21:22 GMT | INFO | app.log | Request received at "/hyips" | 
Thu, 23 Jul 2020 15:21:44 GMT | INFO | app.log | Request received at "/hyips" | 
Thu, 23 Jul 2020 15:21:45 GMT | INFO | app.log | Request received at "/hyips" | 
Thu, 23 Jul 2020 15:21:46 GMT | INFO | app.log | Request received at "/hyips" | 
Thu, 23 Jul 2020 15:21:47 GMT | INFO | app.log | Request received at "/hyips" | 
Thu, 23 Jul 2020 15:21:53 GMT | INFO | app.log | Request received at "/hyips" | 
Thu, 23 Jul 2020 15:23:17 GMT | INFO | app.log | Request received at "/hyips" | 
Thu, 23 Jul 2020 15:26:23 GMT | INFO | app.log | Request received at "/hyips" | 
Thu, 23 Jul 2020 15:26:54 GMT | INFO | app.log | Request received at "/hyips" | 
Thu, 23 Jul 2020 15:27:23 GMT | INFO | app.log | Request received at "/hyips" | 
Thu, 23 Jul 2020 15:28:00 GMT | INFO | app.log | Request received at "/hyips" | 
Thu, 23 Jul 2020 15:30:34 GMT | INFO | app.log | Request received at "/hyips" | 
Thu, 23 Jul 2020 15:32:07 GMT | INFO | app.log | Request received at "/hyips" | 
Thu, 23 Jul 2020 15:38:59 GMT | INFO | app.log | Request received at "/hyips" | 
Thu, 23 Jul 2020 15:40:16 GMT | INFO | app.log | Request received at "/hyips" | 
Thu, 23 Jul 2020 15:47:26 GMT | INFO | app.log | Request received at "/hyips" | 
Thu, 23 Jul 2020 15:47:44 GMT | INFO | app.log | Request received at "/hyips" | 
Thu, 23 Jul 2020 16:02:29 GMT | INFO | app.log | Request received at "/hyips" | 
Thu, 23 Jul 2020 16:02:37 GMT | INFO | app.log | Request received at "/hyips" | 
Fri, 24 Jul 2020 08:11:59 GMT | INFO | app.log | Request received at "/" | 
Fri, 24 Jul 2020 08:12:06 GMT | INFO | app.log | Request received at "/hyips" | 
Fri, 24 Jul 2020 08:12:09 GMT | INFO | app.log | Request received at "/blog" | 
Fri, 24 Jul 2020 08:12:11 GMT | INFO | app.log | Request received at "/" | 
Fri, 24 Jul 2020 08:12:51 GMT | INFO | app.log | Request received at "/" | 
Fri, 24 Jul 2020 08:14:07 GMT | INFO | app.log | Request received at "/" | 
Fri, 24 Jul 2020 08:42:30 GMT | INFO | app.log | Request received at "/" | 
Fri, 24 Jul 2020 08:42:53 GMT | INFO | app.log | Request received at "/" | 
Fri, 24 Jul 2020 08:43:22 GMT | INFO | app.log | Request received at "/" | 
Fri, 24 Jul 2020 08:47:48 GMT | INFO | app.log | Request received at "/users/login" | 
Fri, 24 Jul 2020 13:06:56 GMT | INFO | app.log | Request received at "/" | 
Fri, 24 Jul 2020 13:06:57 GMT | INFO | app.log | Request received at "/hyips" | 
Fri, 24 Jul 2020 13:07:01 GMT | INFO | app.log | Request received at "/hyips/1" | 
Fri, 24 Jul 2020 13:07:15 GMT | INFO | app.log | Request received at "/hyips/1" | 
Fri, 24 Jul 2020 13:07:43 GMT | INFO | app.log | Request received at "/hyips/1" | 
Fri, 24 Jul 2020 13:07:57 GMT | INFO | app.log | Request received at "/hyips/1" | 
Fri, 24 Jul 2020 13:08:56 GMT | INFO | app.log | Request received at "/hyips" | 
Fri, 24 Jul 2020 13:09:27 GMT | INFO | app.log | Request received at "/hyips" | 
